[0810/022816.080:ERROR:process_reader_win.cc(151)] SuspendThread: Access is denied. (0x5)
[0810/022816.081:ERROR:process_reader_win.cc(151)] SuspendThread: Access is denied. (0x5)
[0810/022816.081:ERROR:process_reader_win.cc(151)] SuspendThread: Access is denied. (0x5)
[0810/022816.081:ERROR:process_reader_win.cc(151)] SuspendThread: Access is denied. (0x5)
[0810/022816.081:ERROR:process_reader_win.cc(151)] SuspendThread: Access is denied. (0x5)
[0810/022816.081:ERROR:process_reader_win.cc(151)] SuspendThread: Access is denied. (0x5)
[0810/022816.081:ERROR:process_reader_win.cc(151)] SuspendThread: Access is denied. (0x5)
[0810/022816.081:ERROR:process_reader_win.cc(151)] SuspendThread: Access is denied. (0x5)
[0810/022816.081:ERROR:exception_snapshot_win.cc(98)] thread ID 3304 not found in process
[0810/022816.084:ERROR:process_reader_win.cc(151)] SuspendThread: Access is denied. (0x5)
[0810/022816.084:ERROR:process_reader_win.cc(151)] SuspendThread: Access is denied. (0x5)
[0810/022816.084:ERROR:exception_snapshot_win.cc(98)] thread ID 12712 not found in process
[0810/022815.637:ERROR:process_info.cc(329)] VirtualQueryEx: Access is denied. (0x5)
[0810/022816.084:ERROR:process_info.cc(556)] ReadMemoryInfo failed
[0810/022816.090:ERROR:process_reader_win.cc(151)] SuspendThread: Access is denied. (0x5)
[0810/022816.090:ERROR:process_reader_win.cc(151)] SuspendThread: Access is denied. (0x5)
[0810/022816.090:ERROR:process_reader_win.cc(151)] SuspendThread: Access is denied. (0x5)
[0810/022816.090:ERROR:process_reader_win.cc(151)] SuspendThread: Access is denied. (0x5)
[0810/022816.090:ERROR:process_reader_win.cc(151)] SuspendThread: Access is denied. (0x5)
[0810/022816.090:ERROR:process_reader_win.cc(151)] SuspendThread: Access is denied. (0x5)
[0810/022816.090:ERROR:process_reader_win.cc(151)] SuspendThread: Access is denied. (0x5)
[0810/022816.090:ERROR:process_reader_win.cc(151)] SuspendThread: Access is denied. (0x5)
[0810/022816.090:ERROR:process_reader_win.cc(151)] SuspendThread: Access is denied. (0x5)
[0810/022816.090:ERROR:exception_snapshot_win.cc(98)] thread ID 15864 not found in process
[0810/022816.094:ERROR:process_reader_win.cc(151)] SuspendThread: Access is denied. (0x5)
[0810/022816.094:ERROR:process_reader_win.cc(151)] SuspendThread: Access is denied. (0x5)
[0810/022816.094:ERROR:process_reader_win.cc(151)] SuspendThread: Access is denied. (0x5)
[0810/022816.094:ERROR:process_reader_win.cc(151)] SuspendThread: Access is denied. (0x5)
[0810/022816.094:ERROR:process_reader_win.cc(151)] SuspendThread: Access is denied. (0x5)
[0810/022816.094:ERROR:process_reader_win.cc(151)] SuspendThread: Access is denied. (0x5)
[0810/022816.094:ERROR:process_reader_win.cc(151)] SuspendThread: Access is denied. (0x5)
[0810/022816.094:ERROR:process_reader_win.cc(151)] SuspendThread: Access is denied. (0x5)
[0810/022816.094:ERROR:exception_snapshot_win.cc(98)] thread ID 2132 not found in process
[0810/022816.101:ERROR:process_reader_win.cc(151)] SuspendThread: Access is denied. (0x5)
[0810/022816.101:ERROR:process_reader_win.cc(151)] SuspendThread: Access is denied. (0x5)
[0810/022816.101:ERROR:process_reader_win.cc(151)] SuspendThread: Access is denied. (0x5)
[0810/022816.101:ERROR:process_reader_win.cc(151)] SuspendThread: Access is denied. (0x5)
[0810/022816.101:ERROR:process_reader_win.cc(151)] SuspendThread: Access is denied. (0x5)
[0810/022816.101:ERROR:process_reader_win.cc(151)] SuspendThread: Access is denied. (0x5)
[0810/022816.101:ERROR:process_reader_win.cc(151)] SuspendThread: Access is denied. (0x5)
[0810/022816.101:ERROR:process_reader_win.cc(151)] SuspendThread: Access is denied. (0x5)
[0810/022816.101:ERROR:exception_snapshot_win.cc(98)] thread ID 5776 not found in process
[0810/022816.108:ERROR:process_reader_win.cc(151)] SuspendThread: Access is denied. (0x5)
[0810/022816.108:ERROR:process_reader_win.cc(151)] SuspendThread: Access is denied. (0x5)
[0810/022816.108:ERROR:process_reader_win.cc(151)] SuspendThread: Access is denied. (0x5)
[0810/022816.108:ERROR:process_reader_win.cc(151)] SuspendThread: Access is denied. (0x5)
[0810/022816.109:ERROR:process_reader_win.cc(151)] SuspendThread: Access is denied. (0x5)
[0810/022816.109:ERROR:process_reader_win.cc(151)] SuspendThread: Access is denied. (0x5)
[0810/022816.109:ERROR:process_reader_win.cc(151)] SuspendThread: Access is denied. (0x5)
[0810/022816.109:ERROR:process_reader_win.cc(151)] SuspendThread: Access is denied. (0x5)
[0810/022816.109:ERROR:exception_snapshot_win.cc(98)] thread ID 18120 not found in process
[0810/022816.110:ERROR:process_reader_win.cc(151)] SuspendThread: Access is denied. (0x5)
[0810/022816.110:ERROR:process_reader_win.cc(151)] SuspendThread: Access is denied. (0x5)
[0810/022816.111:ERROR:process_reader_win.cc(151)] SuspendThread: Access is denied. (0x5)
[0810/022816.111:ERROR:exception_snapshot_win.cc(98)] thread ID 17508 not found in process
[0810/022816.112:ERROR:process_reader_win.cc(151)] SuspendThread: Access is denied. (0x5)
[0810/022816.112:ERROR:exception_snapshot_win.cc(98)] thread ID 5212 not found in process
[0810/022816.113:ERROR:process_reader_win.cc(151)] SuspendThread: Access is denied. (0x5)
[0810/022816.113:ERROR:process_reader_win.cc(151)] SuspendThread: Access is denied. (0x5)
[0810/022816.113:ERROR:process_reader_win.cc(151)] SuspendThread: Access is denied. (0x5)
[0810/022816.113:ERROR:process_reader_win.cc(151)] SuspendThread: Access is denied. (0x5)
[0810/022816.113:ERROR:process_reader_win.cc(151)] SuspendThread: Access is denied. (0x5)
[0810/022816.113:ERROR:process_reader_win.cc(151)] SuspendThread: Access is denied. (0x5)
[0810/022816.113:ERROR:process_reader_win.cc(151)] SuspendThread: Access is denied. (0x5)
[0810/022816.113:ERROR:process_reader_win.cc(151)] SuspendThread: Access is denied. (0x5)
[0810/022816.113:ERROR:exception_snapshot_win.cc(98)] thread ID 15456 not found in process
[0810/022816.114:ERROR:process_reader_win.cc(151)] SuspendThread: Access is denied. (0x5)
[0810/022816.114:ERROR:process_reader_win.cc(151)] SuspendThread: Access is denied. (0x5)
[0810/022816.114:ERROR:process_reader_win.cc(151)] SuspendThread: Access is denied. (0x5)
[0810/022816.114:ERROR:process_reader_win.cc(151)] SuspendThread: Access is denied. (0x5)
[0810/022816.114:ERROR:process_reader_win.cc(151)] SuspendThread: Access is denied. (0x5)
[0810/022816.114:ERROR:process_reader_win.cc(151)] SuspendThread: Access is denied. (0x5)
[0810/022816.114:ERROR:process_reader_win.cc(151)] SuspendThread: Access is denied. (0x5)
[0810/022816.114:ERROR:exception_snapshot_win.cc(98)] thread ID 14036 not found in process
[0810/022816.115:ERROR:process_reader_win.cc(151)] SuspendThread: Access is denied. (0x5)
[0810/022816.115:ERROR:process_reader_win.cc(151)] SuspendThread: Access is denied. (0x5)
[0810/022816.115:ERROR:process_reader_win.cc(151)] SuspendThread: Access is denied. (0x5)
[0810/022816.115:ERROR:process_reader_win.cc(151)] SuspendThread: Access is denied. (0x5)
[0810/022816.115:ERROR:process_reader_win.cc(151)] SuspendThread: Access is denied. (0x5)
[0810/022816.115:ERROR:process_reader_win.cc(151)] SuspendThread: Access is denied. (0x5)
[0810/022816.115:ERROR:process_reader_win.cc(151)] SuspendThread: Access is denied. (0x5)
[0810/022816.115:ERROR:process_reader_win.cc(151)] SuspendThread: Access is denied. (0x5)
[0810/022816.115:ERROR:exception_snapshot_win.cc(98)] thread ID 3872 not found in process
[0810/022816.116:ERROR:process_reader_win.cc(151)] SuspendThread: Access is denied. (0x5)
[0810/022816.116:ERROR:process_reader_win.cc(151)] SuspendThread: Access is denied. (0x5)
[0810/022816.116:ERROR:process_reader_win.cc(151)] SuspendThread: Access is denied. (0x5)
[0810/022816.116:ERROR:process_reader_win.cc(151)] SuspendThread: Access is denied. (0x5)
[0810/022816.116:ERROR:process_reader_win.cc(151)] SuspendThread: Access is denied. (0x5)
[0810/022816.116:ERROR:exception_snapshot_win.cc(98)] thread ID 15596 not found in process
[0810/022816.117:ERROR:process_reader_win.cc(151)] SuspendThread: Access is denied. (0x5)
[0810/022816.117:ERROR:process_reader_win.cc(151)] SuspendThread: Access is denied. (0x5)
[0810/022816.118:ERROR:process_reader_win.cc(151)] SuspendThread: Access is denied. (0x5)
[0810/022816.118:ERROR:process_reader_win.cc(151)] SuspendThread: Access is denied. (0x5)
[0810/022816.118:ERROR:exception_snapshot_win.cc(98)] thread ID 17128 not found in process
[0810/022816.118:ERROR:process_reader_win.cc(151)] SuspendThread: Access is denied. (0x5)
[0810/022816.118:ERROR:process_reader_win.cc(151)] SuspendThread: Access is denied. (0x5)
[0810/022816.118:ERROR:process_reader_win.cc(151)] SuspendThread: Access is denied. (0x5)
[0810/022816.118:ERROR:process_reader_win.cc(151)] SuspendThread: Access is denied. (0x5)
[0810/022816.118:ERROR:process_reader_win.cc(151)] SuspendThread: Access is denied. (0x5)
[0810/022816.118:ERROR:process_reader_win.cc(151)] SuspendThread: Access is denied. (0x5)
[0810/022816.118:ERROR:exception_snapshot_win.cc(98)] thread ID 5600 not found in process
[0810/022816.118:ERROR:process_reader_win.cc(151)] SuspendThread: Access is denied. (0x5)
[0810/022816.119:ERROR:process_reader_win.cc(151)] SuspendThread: Access is denied. (0x5)
[0810/022816.119:ERROR:process_reader_win.cc(151)] SuspendThread: Access is denied. (0x5)
[0810/022816.119:ERROR:process_reader_win.cc(151)] SuspendThread: Access is denied. (0x5)
[0810/022816.119:ERROR:process_reader_win.cc(151)] SuspendThread: Access is denied. (0x5)
[0810/022816.119:ERROR:process_reader_win.cc(151)] SuspendThread: Access is denied. (0x5)
[0810/022816.119:ERROR:process_reader_win.cc(151)] SuspendThread: Access is denied. (0x5)
[0810/022816.119:ERROR:process_reader_win.cc(151)] SuspendThread: Access is denied. (0x5)
[0810/022816.119:ERROR:exception_snapshot_win.cc(98)] thread ID 10632 not found in process
[0810/022816.120:ERROR:process_reader_win.cc(151)] SuspendThread: Access is denied. (0x5)
[0810/022816.121:ERROR:exception_snapshot_win.cc(98)] thread ID 4620 not found in process
[0810/022816.128:ERROR:process_reader_win.cc(151)] SuspendThread: Access is denied. (0x5)
[0810/022816.128:ERROR:exception_snapshot_win.cc(98)] thread ID 12328 not found in process
[0810/022816.145:ERROR:process_reader_win.cc(151)] SuspendThread: Access is denied. (0x5)
[0810/022816.145:ERROR:process_reader_win.cc(151)] SuspendThread: Access is denied. (0x5)
[0810/022816.145:ERROR:process_reader_win.cc(151)] SuspendThread: Access is denied. (0x5)
[0810/022816.145:ERROR:process_reader_win.cc(151)] SuspendThread: Access is denied. (0x5)
[0810/022816.145:ERROR:process_reader_win.cc(151)] SuspendThread: Access is denied. (0x5)
[0810/022816.145:ERROR:process_reader_win.cc(151)] SuspendThread: Access is denied. (0x5)
[0810/022816.145:ERROR:process_reader_win.cc(151)] SuspendThread: Access is denied. (0x5)
[0810/022816.145:ERROR:process_reader_win.cc(151)] SuspendThread: Access is denied. (0x5)
[0810/022816.145:ERROR:exception_snapshot_win.cc(98)] thread ID 5676 not found in process
[0810/022816.154:ERROR:process_reader_win.cc(151)] SuspendThread: Access is denied. (0x5)
[0810/022816.154:ERROR:exception_snapshot_win.cc(98)] thread ID 8004 not found in process
[0810/022816.084:ERROR:scoped_process_suspend.cc(40)] NtResumeProcess: An attempt was made to access an exiting process. (0xc000010a)
